<?xml version="1.0" encoding="UTF-8"?>
<testsuite xmlns:xsi="http://www.w3.org/2001/XMLSchema-instance" xsi:noNamespaceSchemaLocation="https://maven.apache.org/surefire/maven-surefire-plugin/xsd/surefire-test-report-3.0.xsd" version="3.0" name="com.agrosense.AlertStrategyTest" time="0.018" tests="4" errors="0" skipped="0" failures="0">
  <properties>
[...]
</properties>
  <testcase name="homeProfile_selectsHomeStrategy" classname="com.agrosense.AlertStrategyTest" time="0.001"/>
  <testcase name="farmStrategy_addsSiteToAttentionSet" classname="com.agrosense.AlertStrategyTest" time="0.009">
    <system-out><![CDATA[[FarmAlertStrategy] Alert for FARM site 'Plot A' on device SM-0001 — SOIL_MOISTURE = 45.00
]]></system-out>
  </testcase>
  <testcase name="farmProfile_selectsFarmStrategy" classname="com.agrosense.AlertStrategyTest" time="0.0"/>
  <testcase name="homeStrategy_doesNotAddToAttentionSet" classname="com.agrosense.AlertStrategyTest" time="0.003">
    <system-out><![CDATA[[HomeAlertStrategy] Alert for HOME site 'My Garden' on device SM-0001 — TEMPERATURE = 35.00
]]></system-out>
  </testcase>
</testsuite>